    OpenRGB v0.9
    Commit: b5f46e3f1de03595656c682fc2f068b66e735e63 from 2023-07-09 22:51:47 -0500
    Launched: 20241230_093000
====================================================================================================

0     |Info:    Found file: blue.orp attempting to validate header
0     |Info:    Valid v4 profile found for blue
1009  |Info:    ------------------------------------------------------
1009  |Info:    |               Start device detection               |
1009  |Info:    ------------------------------------------------------
1020  |Info:    Initializing HID interfaces: Success
1031  |Info:    ------------------------------------------------------
1031  |Info:    |             Detecting I2C interfaces               |
1031  |Info:    ------------------------------------------------------
1031  |Info:    ------------------------------------------------------
1031  |Info:    |               Detecting I2C devices                |
1031  |Info:    ------------------------------------------------------
1031  |Info:    ------------------------------------------------------
1031  |Info:    |               Detecting I2C PCI devices            |
1031  |Info:    ------------------------------------------------------
1032  |Info:    ------------------------------------------------------
1032  |Info:    |               Detecting HID devices                |
1032  |Info:    ------------------------------------------------------
1074  |Info:    [KLM] Created new Full 104 key ANSI QWERTY with 6 rows and 21 columns containing 104 keys
1075  |Info:    [Razer Blackwidow V3] Registering RGB controller
1075  |Info:    ------------------------------------------------------
1075  |Info:    |              Detecting other devices               |
1075  |Info:    ------------------------------------------------------
2087  |Info:    Exception occurred in Philips Hue detection: LinHttpHandler: gethostbyname
2088  |Info:    ------------------------------------------------------
2088  |Info:    |                Detection completed                 |
2088  |Info:    ------------------------------------------------------
4422  |Info:    Profile loading: Succeeded for Razer Blackwidow V3 @ HID: DevSrvsID:4295000547
