    OpenRGB v0.9
    Commit: b5f46e3f1de03595656c682fc2f068b66e735e63 from 2023-07-09 22:51:47 -0500
    Launched: 20241124_101308
====================================================================================================

0     |Info:    Found file: blue.orp attempting to validate header
0     |Info:    Valid v4 profile found for blue
1026  |Info:    ------------------------------------------------------
1026  |Info:    |               Start device detection               |
1026  |Info:    ------------------------------------------------------
1038  |Info:    Initializing HID interfaces: Success
1045  |Info:    ------------------------------------------------------
1045  |Info:    |             Detecting I2C interfaces               |
1045  |Info:    ------------------------------------------------------
1045  |Info:    ------------------------------------------------------
1045  |Info:    |               Detecting I2C devices                |
1045  |Info:    ------------------------------------------------------
1045  |Info:    ------------------------------------------------------
1045  |Info:    |               Detecting I2C PCI devices            |
1045  |Info:    ------------------------------------------------------
1046  |Info:    ------------------------------------------------------
1046  |Info:    |               Detecting HID devices                |
1046  |Info:    ------------------------------------------------------
1046  |Info:    ------------------------------------------------------
1046  |Info:    |              Detecting other devices               |
1046  |Info:    ------------------------------------------------------
2151  |Info:    Exception occurred in Philips Hue detection: LinHttpHandler: gethostbyname
2151  |Info:    ------------------------------------------------------
2151  |Info:    |                Detection completed                 |
2151  |Info:    ------------------------------------------------------
