    OpenRGB v0.9
    Commit: b5f46e3f1de03595656c682fc2f068b66e735e63 from 2023-07-09 22:51:47 -0500
    Launched: 20241226_215524
====================================================================================================

72    |Info:    Found file: blue.orp attempting to validate header
72    |Info:    Valid v4 profile found for blue
1153  |Info:    ------------------------------------------------------
1153  |Info:    |               Start device detection               |
1153  |Info:    ------------------------------------------------------
1158  |Info:    Initializing HID interfaces: Success
1165  |Info:    ------------------------------------------------------
1165  |Info:    |             Detecting I2C interfaces               |
1165  |Info:    ------------------------------------------------------
1165  |Info:    ------------------------------------------------------
1165  |Info:    |               Detecting I2C devices                |
1165  |Info:    ------------------------------------------------------
1165  |Info:    ------------------------------------------------------
1165  |Info:    |               Detecting I2C PCI devices            |
1165  |Info:    ------------------------------------------------------
1168  |Info:    ------------------------------------------------------
1168  |Info:    |               Detecting HID devices                |
1168  |Info:    ------------------------------------------------------
1168  |Info:    ------------------------------------------------------
1168  |Info:    |              Detecting other devices               |
1168  |Info:    ------------------------------------------------------
2253  |Info:    Exception occurred in Philips Hue detection: LinHttpHandler: gethostbyname
2253  |Info:    ------------------------------------------------------
2253  |Info:    |                Detection completed                 |
2253  |Info:    ------------------------------------------------------
