    OpenRGB v0.9
    Commit: b5f46e3f1de03595656c682fc2f068b66e735e63 from 2023-07-09 22:51:47 -0500
    Launched: 20241230_093505
====================================================================================================

0     |Info:    Found file: blue.orp attempting to validate header
0     |Info:    Valid v4 profile found for blue
1009  |Info:    ------------------------------------------------------
1010  |Info:    |               Start device detection               |
1010  |Info:    ------------------------------------------------------
1022  |Info:    Initializing HID interfaces: Success
1043  |Info:    ------------------------------------------------------
1043  |Info:    |             Detecting I2C interfaces               |
1043  |Info:    ------------------------------------------------------
1043  |Info:    ------------------------------------------------------
1043  |Info:    |               Detecting I2C devices                |
1043  |Info:    ------------------------------------------------------
1043  |Info:    ------------------------------------------------------
1043  |Info:    |               Detecting I2C PCI devices            |
1043  |Info:    ------------------------------------------------------
1044  |Info:    ------------------------------------------------------
1044  |Info:    |               Detecting HID devices                |
1044  |Info:    ------------------------------------------------------
1081  |Info:    [KLM] Created new Full 104 key ANSI QWERTY with 6 rows and 21 columns containing 104 keys
1081  |Info:    [Razer Blackwidow V3] Registering RGB controller
1081  |Info:    ------------------------------------------------------
1081  |Info:    |              Detecting other devices               |
1081  |Info:    ------------------------------------------------------
2094  |Info:    Exception occurred in Philips Hue detection: LinHttpHandler: gethostbyname
2095  |Info:    ------------------------------------------------------
2095  |Info:    |                Detection completed                 |
2095  |Info:    ------------------------------------------------------
23508 |Info:    Profile loading: Succeeded for Razer Blackwidow V3 @ HID: DevSrvsID:4295000547
194798289|Info:    Profile loading: Succeeded for Razer Blackwidow V3 @ HID: DevSrvsID:4295000547
