    OpenRGB v0.9
    Commit: b5f46e3f1de03595656c682fc2f068b66e735e63 from 2023-07-09 22:51:47 -0500
    Launched: 20241208_010755
====================================================================================================

0     |Info:    Found file: blue.orp attempting to validate header
0     |Info:    Valid v4 profile found for blue
1069  |Info:    ------------------------------------------------------
1069  |Info:    |               Start device detection               |
1069  |Info:    ------------------------------------------------------
1078  |Info:    Initializing HID interfaces: Success
1089  |Info:    ------------------------------------------------------
1089  |Info:    |             Detecting I2C interfaces               |
1089  |Info:    ------------------------------------------------------
1089  |Info:    ------------------------------------------------------
1089  |Info:    |               Detecting I2C devices                |
1089  |Info:    ------------------------------------------------------
1089  |Info:    ------------------------------------------------------
1089  |Info:    |               Detecting I2C PCI devices            |
1089  |Info:    ------------------------------------------------------
1092  |Info:    ------------------------------------------------------
1094  |Info:    |               Detecting HID devices                |
1094  |Info:    ------------------------------------------------------
1094  |Info:    ------------------------------------------------------
1094  |Info:    |              Detecting other devices               |
1095  |Info:    ------------------------------------------------------
2564  |Info:    Exception occurred in Philips Hue detection: LinHttpHandler: gethostbyname
2570  |Info:    ------------------------------------------------------
2570  |Info:    |                Detection completed                 |
2570  |Info:    ------------------------------------------------------
