    OpenRGB v0.9
    Commit: b5f46e3f1de03595656c682fc2f068b66e735e63 from 2023-07-09 22:51:47 -0500
    Launched: 20241201_205636
====================================================================================================

0     |Info:    Found file: blue.orp attempting to validate header
0     |Info:    Valid v4 profile found for blue
1045  |Info:    ------------------------------------------------------
1045  |Info:    |               Start device detection               |
1045  |Info:    ------------------------------------------------------
1050  |Info:    Initializing HID interfaces: Success
1058  |Info:    ------------------------------------------------------
1058  |Info:    |             Detecting I2C interfaces               |
1058  |Info:    ------------------------------------------------------
1058  |Info:    ------------------------------------------------------
1058  |Info:    |               Detecting I2C devices                |
1058  |Info:    ------------------------------------------------------
1058  |Info:    ------------------------------------------------------
1058  |Info:    |               Detecting I2C PCI devices            |
1058  |Info:    ------------------------------------------------------
1060  |Info:    ------------------------------------------------------
1060  |Info:    |               Detecting HID devices                |
1060  |Info:    ------------------------------------------------------
1060  |Info:    ------------------------------------------------------
1060  |Info:    |              Detecting other devices               |
1060  |Info:    ------------------------------------------------------
8195  |Info:    Exception occurred in Philips Hue detection: LinHttpHandler: gethostbyname
8202  |Info:    ------------------------------------------------------
8202  |Info:    |                Detection completed                 |
8202  |Info:    ------------------------------------------------------
