    OpenRGB v0.9
    Commit: b5f46e3f1de03595656c682fc2f068b66e735e63 from 2023-07-09 22:51:47 -0500
    Launched: 20240730_123229
====================================================================================================

1010  |Info:    Saving detector settings
1015  |Info:    ------------------------------------------------------
1015  |Info:    |               Start device detection               |
1015  |Info:    ------------------------------------------------------
1029  |Info:    Initializing HID interfaces: Success
1042  |Info:    ------------------------------------------------------
1042  |Info:    |             Detecting I2C interfaces               |
1042  |Info:    ------------------------------------------------------
1042  |Info:    ------------------------------------------------------
1042  |Info:    |               Detecting I2C devices                |
1042  |Info:    ------------------------------------------------------
1044  |Info:    ------------------------------------------------------
1044  |Info:    |               Detecting I2C PCI devices            |
1044  |Info:    ------------------------------------------------------
1045  |Info:    ------------------------------------------------------
1045  |Info:    |               Detecting HID devices                |
1045  |Info:    ------------------------------------------------------
1095  |Info:    [KLM] Created new Full 104 key ANSI QWERTY with 6 rows and 21 columns containing 104 keys
1095  |Info:    [Razer Blackwidow V3] Registering RGB controller
1095  |Info:    ------------------------------------------------------
1095  |Info:    |              Detecting other devices               |
1095  |Info:    ------------------------------------------------------
1099  |Info:    ------------------------------------------------------
1099  |Info:    |                Detection completed                 |
1099  |Info:    ------------------------------------------------------
