    OpenRGB v0.9
    Commit: b5f46e3f1de03595656c682fc2f068b66e735e63 from 2023-07-09 22:51:47 -0500
    Launched: 20241219_173112
====================================================================================================

0     |Info:    Found file: blue.orp attempting to validate header
1     |Info:    Valid v4 profile found for blue
1015  |Info:    ------------------------------------------------------
1015  |Info:    |               Start device detection               |
1015  |Info:    ------------------------------------------------------
1021  |Info:    Initializing HID interfaces: Success
1030  |Info:    ------------------------------------------------------
1030  |Info:    |             Detecting I2C interfaces               |
1030  |Info:    ------------------------------------------------------
1030  |Info:    ------------------------------------------------------
1030  |Info:    |               Detecting I2C devices                |
1030  |Info:    ------------------------------------------------------
1030  |Info:    ------------------------------------------------------
1030  |Info:    |               Detecting I2C PCI devices            |
1030  |Info:    ------------------------------------------------------
1031  |Info:    ------------------------------------------------------
1031  |Info:    |               Detecting HID devices                |
1031  |Info:    ------------------------------------------------------
1031  |Info:    ------------------------------------------------------
1031  |Info:    |              Detecting other devices               |
1031  |Info:    ------------------------------------------------------
2187  |Info:    Exception occurred in Philips Hue detection: LinHttpHandler: gethostbyname
2187  |Info:    ------------------------------------------------------
2187  |Info:    |                Detection completed                 |
2187  |Info:    ------------------------------------------------------
