    OpenRGB v0.9
    Commit: b5f46e3f1de03595656c682fc2f068b66e735e63 from 2023-07-09 22:51:47 -0500
    Launched: 20241207_030926
====================================================================================================

0     |Info:    Found file: blue.orp attempting to validate header
0     |Info:    Valid v4 profile found for blue
1085  |Info:    ------------------------------------------------------
1085  |Info:    |               Start device detection               |
1085  |Info:    ------------------------------------------------------
1094  |Info:    Initializing HID interfaces: Success
1109  |Info:    ------------------------------------------------------
1109  |Info:    |             Detecting I2C interfaces               |
1109  |Info:    ------------------------------------------------------
1109  |Info:    ------------------------------------------------------
1109  |Info:    |               Detecting I2C devices                |
1109  |Info:    ------------------------------------------------------
1109  |Info:    ------------------------------------------------------
1109  |Info:    |               Detecting I2C PCI devices            |
1109  |Info:    ------------------------------------------------------
1110  |Info:    ------------------------------------------------------
1110  |Info:    |               Detecting HID devices                |
1110  |Info:    ------------------------------------------------------
1110  |Info:    ------------------------------------------------------
1110  |Info:    |              Detecting other devices               |
1110  |Info:    ------------------------------------------------------
2118  |Info:    Exception occurred in Philips Hue detection: LinHttpHandler: gethostbyname
2118  |Info:    ------------------------------------------------------
2118  |Info:    |                Detection completed                 |
2118  |Info:    ------------------------------------------------------
