    OpenRGB v0.9
    Commit: b5f46e3f1de03595656c682fc2f068b66e735e63 from 2023-07-09 22:51:47 -0500
    Launched: 20241207_183421
====================================================================================================

2     |Info:    Found file: blue.orp attempting to validate header
2     |Info:    Valid v4 profile found for blue
1068  |Info:    ------------------------------------------------------
1068  |Info:    |               Start device detection               |
1068  |Info:    ------------------------------------------------------
1076  |Info:    Initializing HID interfaces: Success
1085  |Info:    ------------------------------------------------------
1085  |Info:    |             Detecting I2C interfaces               |
1085  |Info:    ------------------------------------------------------
1085  |Info:    ------------------------------------------------------
1085  |Info:    |               Detecting I2C devices                |
1085  |Info:    ------------------------------------------------------
1085  |Info:    ------------------------------------------------------
1085  |Info:    |               Detecting I2C PCI devices            |
1085  |Info:    ------------------------------------------------------
1086  |Info:    ------------------------------------------------------
1086  |Info:    |               Detecting HID devices                |
1086  |Info:    ------------------------------------------------------
1086  |Info:    ------------------------------------------------------
1086  |Info:    |              Detecting other devices               |
1086  |Info:    ------------------------------------------------------
5482  |Info:    Exception occurred in Philips Hue detection: LinHttpHandler: gethostbyname
5484  |Info:    ------------------------------------------------------
5484  |Info:    |                Detection completed                 |
5484  |Info:    ------------------------------------------------------
