    OpenRGB v0.9
    Commit: b5f46e3f1de03595656c682fc2f068b66e735e63 from 2023-07-09 22:51:47 -0500
    Launched: 20240810_111937
====================================================================================================

0     |Info:    Found file: blue.orp attempting to validate header
0     |Info:    Valid v4 profile found for blue
1012  |Info:    ------------------------------------------------------
1012  |Info:    |               Start device detection               |
1012  |Info:    ------------------------------------------------------
1024  |Info:    Initializing HID interfaces: Success
1036  |Info:    ------------------------------------------------------
1036  |Info:    |             Detecting I2C interfaces               |
1036  |Info:    ------------------------------------------------------
1036  |Info:    ------------------------------------------------------
1036  |Info:    |               Detecting I2C devices                |
1036  |Info:    ------------------------------------------------------
1036  |Info:    ------------------------------------------------------
1036  |Info:    |               Detecting I2C PCI devices            |
1036  |Info:    ------------------------------------------------------
1037  |Info:    ------------------------------------------------------
1037  |Info:    |               Detecting HID devices                |
1037  |Info:    ------------------------------------------------------
1188  |Info:    [KLM] Created new Full 104 key ANSI QWERTY with 6 rows and 21 columns containing 104 keys
1188  |Info:    [Razer Blackwidow V3] Registering RGB controller
1188  |Info:    ------------------------------------------------------
1188  |Info:    |              Detecting other devices               |
1188  |Info:    ------------------------------------------------------
2202  |Info:    Exception occurred in Philips Hue detection: LinHttpHandler: gethostbyname
2202  |Info:    ------------------------------------------------------
2202  |Info:    |                Detection completed                 |
2202  |Info:    ------------------------------------------------------
55410 |Info:    Profile loading: Succeeded for Razer Blackwidow V3 @ HID: DevSrvsID:4294982179
2724238|Info:    Profile loading: Succeeded for Razer Blackwidow V3 @ HID: DevSrvsID:4294982179
