    OpenRGB v0.9
    Commit: b5f46e3f1de03595656c682fc2f068b66e735e63 from 2023-07-09 22:51:47 -0500
    Launched: 20240809_102842
====================================================================================================

1     |Info:    Found file: blue.orp attempting to validate header
1     |Info:    Valid v4 profile found for blue
1010  |Info:    ------------------------------------------------------
1010  |Info:    |               Start device detection               |
1010  |Info:    ------------------------------------------------------
1025  |Info:    Initializing HID interfaces: Success
1043  |Info:    ------------------------------------------------------
1043  |Info:    |             Detecting I2C interfaces               |
1043  |Info:    ------------------------------------------------------
1043  |Info:    ------------------------------------------------------
1043  |Info:    |               Detecting I2C devices                |
1043  |Info:    ------------------------------------------------------
1043  |Info:    ------------------------------------------------------
1043  |Info:    |               Detecting I2C PCI devices            |
1043  |Info:    ------------------------------------------------------
1044  |Info:    ------------------------------------------------------
1044  |Info:    |               Detecting HID devices                |
1044  |Info:    ------------------------------------------------------
1076  |Info:    [KLM] Created new Full 104 key ANSI QWERTY with 6 rows and 21 columns containing 104 keys
1076  |Info:    [Razer Blackwidow V3] Registering RGB controller
1076  |Info:    ------------------------------------------------------
1076  |Info:    |              Detecting other devices               |
1076  |Info:    ------------------------------------------------------
2668  |Info:    Exception occurred in Philips Hue detection: LinHttpHandler: gethostbyname
2669  |Info:    ------------------------------------------------------
2669  |Info:    |                Detection completed                 |
2669  |Info:    ------------------------------------------------------
6318  |Info:    Profile loading: Succeeded for Razer Blackwidow V3 @ HID: DevSrvsID:4294973990
9142  |Info:    Profile loading: Succeeded for Razer Blackwidow V3 @ HID: DevSrvsID:4294973990
9411  |Info:    Profile loading: Succeeded for Razer Blackwidow V3 @ HID: DevSrvsID:4294973990
