    OpenRGB v0.9
    Commit: b5f46e3f1de03595656c682fc2f068b66e735e63 from 2023-07-09 22:51:47 -0500
    Launched: 20241219_173113
====================================================================================================

0     |Info:    Found file: blue.orp attempting to validate header
0     |Info:    Valid v4 profile found for blue
1037  |Info:    ------------------------------------------------------
1038  |Info:    |               Start device detection               |
1038  |Info:    ------------------------------------------------------
1042  |Info:    Initializing HID interfaces: Success
1054  |Info:    ------------------------------------------------------
1054  |Info:    |             Detecting I2C interfaces               |
1054  |Info:    ------------------------------------------------------
1054  |Info:    ------------------------------------------------------
1054  |Info:    |               Detecting I2C devices                |
1054  |Info:    ------------------------------------------------------
1054  |Info:    ------------------------------------------------------
1054  |Info:    |               Detecting I2C PCI devices            |
1054  |Info:    ------------------------------------------------------
1056  |Info:    ------------------------------------------------------
1056  |Info:    |               Detecting HID devices                |
1056  |Info:    ------------------------------------------------------
1056  |Info:    ------------------------------------------------------
1056  |Info:    |              Detecting other devices               |
1056  |Info:    ------------------------------------------------------
2141  |Info:    Exception occurred in Philips Hue detection: LinHttpHandler: gethostbyname
2141  |Info:    ------------------------------------------------------
2141  |Info:    |                Detection completed                 |
2141  |Info:    ------------------------------------------------------
