    OpenRGB v0.9
    Commit: b5f46e3f1de03595656c682fc2f068b66e735e63 from 2023-07-09 22:51:47 -0500
    Launched: 20240819_112526
====================================================================================================

0     |Info:    Found file: blue.orp attempting to validate header
0     |Info:    Valid v4 profile found for blue
1009  |Info:    ------------------------------------------------------
1009  |Info:    |               Start device detection               |
1009  |Info:    ------------------------------------------------------
1015  |Info:    Initializing HID interfaces: Success
1023  |Info:    ------------------------------------------------------
1023  |Info:    |             Detecting I2C interfaces               |
1023  |Info:    ------------------------------------------------------
1023  |Info:    ------------------------------------------------------
1023  |Info:    |               Detecting I2C devices                |
1023  |Info:    ------------------------------------------------------
1023  |Info:    ------------------------------------------------------
1023  |Info:    |               Detecting I2C PCI devices            |
1023  |Info:    ------------------------------------------------------
1024  |Info:    ------------------------------------------------------
1024  |Info:    |               Detecting HID devices                |
1024  |Info:    ------------------------------------------------------
1044  |Info:    [KLM] Created new Full 104 key ANSI QWERTY with 6 rows and 21 columns containing 104 keys
1045  |Info:    [Razer Blackwidow V3] Registering RGB controller
1045  |Info:    ------------------------------------------------------
1045  |Info:    |              Detecting other devices               |
1045  |Info:    ------------------------------------------------------
2102  |Info:    Exception occurred in Philips Hue detection: LinHttpHandler: gethostbyname
2102  |Info:    ------------------------------------------------------
2102  |Info:    |                Detection completed                 |
2102  |Info:    ------------------------------------------------------
2102  |Info:    Profile loading: Succeeded for Razer Blackwidow V3 @ HID: DevSrvsID:4295036917
