    OpenRGB v0.9
    Commit: b5f46e3f1de03595656c682fc2f068b66e735e63 from 2023-07-09 22:51:47 -0500
    Launched: 20241128_133046
====================================================================================================

0     |Info:    Found file: blue.orp attempting to validate header
0     |Info:    Valid v4 profile found for blue
1064  |Info:    ------------------------------------------------------
1064  |Info:    |               Start device detection               |
1064  |Info:    ------------------------------------------------------
1070  |Info:    Initializing HID interfaces: Success
1079  |Info:    ------------------------------------------------------
1079  |Info:    |             Detecting I2C interfaces               |
1079  |Info:    ------------------------------------------------------
1079  |Info:    ------------------------------------------------------
1079  |Info:    |               Detecting I2C devices                |
1079  |Info:    ------------------------------------------------------
1080  |Info:    ------------------------------------------------------
1080  |Info:    |               Detecting I2C PCI devices            |
1080  |Info:    ------------------------------------------------------
1081  |Info:    ------------------------------------------------------
1081  |Info:    |               Detecting HID devices                |
1081  |Info:    ------------------------------------------------------
1081  |Info:    ------------------------------------------------------
1081  |Info:    |              Detecting other devices               |
1081  |Info:    ------------------------------------------------------
2385  |Info:    Exception occurred in Philips Hue detection: LinHttpHandler: gethostbyname
2385  |Info:    ------------------------------------------------------
2385  |Info:    |                Detection completed                 |
2385  |Info:    ------------------------------------------------------
