    OpenRGB v0.9
    Commit: b5f46e3f1de03595656c682fc2f068b66e735e63 from 2023-07-09 22:51:47 -0500
    Launched: 20241228_175846
====================================================================================================

9     |Info:    Found file: blue.orp attempting to validate header
9     |Info:    Valid v4 profile found for blue
1086  |Info:    ------------------------------------------------------
1086  |Info:    |               Start device detection               |
1086  |Info:    ------------------------------------------------------
1091  |Info:    Initializing HID interfaces: Success
1098  |Info:    ------------------------------------------------------
1098  |Info:    |             Detecting I2C interfaces               |
1098  |Info:    ------------------------------------------------------
1098  |Info:    ------------------------------------------------------
1098  |Info:    |               Detecting I2C devices                |
1098  |Info:    ------------------------------------------------------
1098  |Info:    ------------------------------------------------------
1098  |Info:    |               Detecting I2C PCI devices            |
1098  |Info:    ------------------------------------------------------
1099  |Info:    ------------------------------------------------------
1099  |Info:    |               Detecting HID devices                |
1099  |Info:    ------------------------------------------------------
1099  |Info:    ------------------------------------------------------
1099  |Info:    |              Detecting other devices               |
1099  |Info:    ------------------------------------------------------
2141  |Info:    Exception occurred in Philips Hue detection: LinHttpHandler: gethostbyname
2141  |Info:    ------------------------------------------------------
2141  |Info:    |                Detection completed                 |
2141  |Info:    ------------------------------------------------------
