    OpenRGB v0.9
    Commit: b5f46e3f1de03595656c682fc2f068b66e735e63 from 2023-07-09 22:51:47 -0500
    Launched: 20240801_182311
====================================================================================================

0     |Info:    Found file: blue.orp attempting to validate header
0     |Info:    Valid v4 profile found for blue
1007  |Info:    ------------------------------------------------------
1007  |Info:    |               Start device detection               |
1007  |Info:    ------------------------------------------------------
1014  |Info:    Initializing HID interfaces: Success
1021  |Info:    ------------------------------------------------------
1021  |Info:    |             Detecting I2C interfaces               |
1021  |Info:    ------------------------------------------------------
1021  |Info:    ------------------------------------------------------
1021  |Info:    |               Detecting I2C devices                |
1021  |Info:    ------------------------------------------------------
1021  |Info:    ------------------------------------------------------
1021  |Info:    |               Detecting I2C PCI devices            |
1021  |Info:    ------------------------------------------------------
1022  |Info:    ------------------------------------------------------
1022  |Info:    |               Detecting HID devices                |
1022  |Info:    ------------------------------------------------------
1044  |Info:    [KLM] Created new Full 104 key ANSI QWERTY with 6 rows and 21 columns containing 104 keys
1044  |Info:    [Razer Blackwidow V3] Registering RGB controller
1044  |Info:    ------------------------------------------------------
1044  |Info:    |              Detecting other devices               |
1044  |Info:    ------------------------------------------------------
2129  |Info:    Exception occurred in Philips Hue detection: LinHttpHandler: gethostbyname
2130  |Info:    ------------------------------------------------------
2130  |Info:    |                Detection completed                 |
2130  |Info:    ------------------------------------------------------
14368 |Info:    Found file: blue.orp attempting to validate header
14368 |Info:    Valid v4 profile found for blue
17199 |Info:    Profile loading: Succeeded for Razer Blackwidow V3 @ HID: DevSrvsID:4294971821
24078 |Info:    Profile loading: Succeeded for Razer Blackwidow V3 @ HID: DevSrvsID:4294971821
38342 |Info:    Found file: blue.orp attempting to validate header
38343 |Info:    Valid v4 profile found for blue
42758 |Info:    Profile loading: Succeeded for Razer Blackwidow V3 @ HID: DevSrvsID:4294971821
46454 |Info:    Profile loading: Succeeded for Razer Blackwidow V3 @ HID: DevSrvsID:4294971821
96373 |Info:    Profile loading: Succeeded for Razer Blackwidow V3 @ HID: DevSrvsID:4294971821
96635 |Info:    Profile loading: Succeeded for Razer Blackwidow V3 @ HID: DevSrvsID:4294971821
