    OpenRGB v0.9
    Commit: b5f46e3f1de03595656c682fc2f068b66e735e63 from 2023-07-09 22:51:47 -0500
    Launched: 20240730_123245
====================================================================================================

1009  |Info:    ------------------------------------------------------
1009  |Info:    |               Start device detection               |
1009  |Info:    ------------------------------------------------------
1021  |Info:    Initializing HID interfaces: Success
1039  |Info:    ------------------------------------------------------
1039  |Info:    |             Detecting I2C interfaces               |
1039  |Info:    ------------------------------------------------------
1039  |Info:    ------------------------------------------------------
1039  |Info:    |               Detecting I2C devices                |
1039  |Info:    ------------------------------------------------------
1039  |Info:    ------------------------------------------------------
1039  |Info:    |               Detecting I2C PCI devices            |
1039  |Info:    ------------------------------------------------------
1040  |Info:    ------------------------------------------------------
1040  |Info:    |               Detecting HID devices                |
1040  |Info:    ------------------------------------------------------
1074  |Info:    [KLM] Created new Full 104 key ANSI QWERTY with 6 rows and 21 columns containing 104 keys
1074  |Info:    [Razer Blackwidow V3] Registering RGB controller
1074  |Info:    ------------------------------------------------------
1074  |Info:    |              Detecting other devices               |
1074  |Info:    ------------------------------------------------------
1078  |Info:    ------------------------------------------------------
1078  |Info:    |                Detection completed                 |
1078  |Info:    ------------------------------------------------------
59503 |Info:    Found file: blue.orp attempting to validate header
59503 |Info:    Valid v4 profile found for blue
129884|Info:    Profile loading: Succeeded for Razer Blackwidow V3 @ HID: DevSrvsID:4294987831
130157|Info:    Profile loading: Succeeded for Razer Blackwidow V3 @ HID: DevSrvsID:4294987831
