    OpenRGB v0.9
    Commit: b5f46e3f1de03595656c682fc2f068b66e735e63 from 2023-07-09 22:51:47 -0500
    Launched: 20240810_151354
====================================================================================================

0     |Info:    Found file: blue.orp attempting to validate header
0     |Info:    Valid v4 profile found for blue
1008  |Info:    ------------------------------------------------------
1008  |Info:    |               Start device detection               |
1008  |Info:    ------------------------------------------------------
1019  |Info:    Initializing HID interfaces: Success
1024  |Info:    ------------------------------------------------------
1024  |Info:    |             Detecting I2C interfaces               |
1025  |Info:    ------------------------------------------------------
1025  |Info:    ------------------------------------------------------
1025  |Info:    |               Detecting I2C devices                |
1025  |Info:    ------------------------------------------------------
1025  |Info:    ------------------------------------------------------
1025  |Info:    |               Detecting I2C PCI devices            |
1025  |Info:    ------------------------------------------------------
1026  |Info:    ------------------------------------------------------
1026  |Info:    |               Detecting HID devices                |
1026  |Info:    ------------------------------------------------------
1027  |Info:    ------------------------------------------------------
1027  |Info:    |              Detecting other devices               |
1027  |Info:    ------------------------------------------------------
2068  |Info:    Exception occurred in Philips Hue detection: LinHttpHandler: gethostbyname
2069  |Info:    ------------------------------------------------------
2069  |Info:    |                Detection completed                 |
2069  |Info:    ------------------------------------------------------
