    OpenRGB v0.9
    Commit: b5f46e3f1de03595656c682fc2f068b66e735e63 from 2023-07-09 22:51:47 -0500
    Launched: 20240810_151632
====================================================================================================

0     |Info:    Found file: blue.orp attempting to validate header
0     |Info:    Valid v4 profile found for blue
1009  |Info:    ------------------------------------------------------
1009  |Info:    |               Start device detection               |
1009  |Info:    ------------------------------------------------------
1015  |Info:    Initializing HID interfaces: Success
1023  |Info:    ------------------------------------------------------
1023  |Info:    |             Detecting I2C interfaces               |
1023  |Info:    ------------------------------------------------------
1023  |Info:    ------------------------------------------------------
1023  |Info:    |               Detecting I2C devices                |
1023  |Info:    ------------------------------------------------------
1023  |Info:    ------------------------------------------------------
1023  |Info:    |               Detecting I2C PCI devices            |
1023  |Info:    ------------------------------------------------------
1024  |Info:    ------------------------------------------------------
1024  |Info:    |               Detecting HID devices                |
1024  |Info:    ------------------------------------------------------
1026  |Info:    ------------------------------------------------------
1026  |Info:    |              Detecting other devices               |
1026  |Info:    ------------------------------------------------------
2040  |Info:    Exception occurred in Philips Hue detection: LinHttpHandler: gethostbyname
2041  |Info:    ------------------------------------------------------
2041  |Info:    |                Detection completed                 |
2041  |Info:    ------------------------------------------------------
